<?xml version="1.0" encoding="UTF-8"?>
<!-- Generated by org.testng.reporters.JUnitReportReporter -->
<testsuite hostname="LIN-CX5MBK3" failures="0" tests="3" name="runner.TestNGRunner" time="61.685" errors="0" timestamp="2024-07-30T13:08:46 IST" skipped="0">
  <testcase classname="runner.TestNGRunner" name="runScenario" time="14.202"/>
  <testcase classname="runner.TestNGRunner" name="runScenario" time="25.169"/>
  <testcase classname="runner.TestNGRunner" name="runScenario" time="22.314"/>
</testsuite> <!-- runner.TestNGRunner -->
